build/app/intermediates/manifest_merge_blame_file/debug/manifest-merger-blame-debug-report.txt
1<?xml version="1.0" encoding="utf-8"?>
2<manifest xmlns:android="http://schemas.android.com/apk/res/android"
3    package="com.example.apitesting"
4    android:versionCode="1"
5    android:versionName="1.0.0" >
6
7    <uses-sdk
8        android:minSdkVersion="16"
9        android:targetSdkVersion="30" />
10    <!--
11         Flutter needs it to communicate with the running application
12         to allow setting breakpoints, to provide hot reload, etc.
13    -->
14    <uses-permission android:name="android.permission.INTERNET" />
14-->src\debug\AndroidManifest.xml:6:5-66
14-->src\debug\AndroidManifest.xml:6:22-64
15    <!-- Nest within the manifest element, not the application element -->
16    <queries>
16-->src\main\AndroidManifest.xml:5:5-18:15
17        <intent>
17-->src\main\AndroidManifest.xml:6:9-9:18
18            <action android:name="android.intent.action.VIEW" />
18-->src\main\AndroidManifest.xml:7:13-65
18-->src\main\AndroidManifest.xml:7:21-62
19
20            <data android:scheme="https" />
20-->src\main\AndroidManifest.xml:8:13-44
20-->src\main\AndroidManifest.xml:8:19-41
21        </intent>
22        <intent>
22-->src\main\AndroidManifest.xml:10:9-13:18
23            <action android:name="android.intent.action.DIAL" />
23-->src\main\AndroidManifest.xml:11:13-65
23-->src\main\AndroidManifest.xml:11:21-62
24
25            <data android:scheme="tel" />
25-->src\main\AndroidManifest.xml:8:13-44
25-->src\main\AndroidManifest.xml:8:19-41
26        </intent>
27        <intent>
27-->src\main\AndroidManifest.xml:14:9-17:18
28            <action android:name="android.intent.action.SEND" />
28-->src\main\AndroidManifest.xml:15:13-65
28-->src\main\AndroidManifest.xml:15:21-62
29
30            <data android:mimeType="*/*" />
30-->src\main\AndroidManifest.xml:8:13-44
31        </intent>
32    </queries>
33
34    <application
34-->src\main\AndroidManifest.xml:20:4-57:19
35        android:appComponentFactory="androidx.core.app.CoreComponentFactory"
35-->[androidx.core:core:1.1.0] AndroidManifest.xml:24:18-86
36        android:debuggable="true"
37        android:icon="@mipmap/ic_launcher"
37-->src\main\AndroidManifest.xml:22:9-43
38        android:label="apitesting" >
38-->src\main\AndroidManifest.xml:21:9-35
39        <activity
39-->src\main\AndroidManifest.xml:23:9-51:20
40            android:name="com.example.apitesting.MainActivity"
40-->src\main\AndroidManifest.xml:24:13-41
41            android:configChanges="orientation|keyboardHidden|keyboard|screenSize|smallestScreenSize|locale|layoutDirection|fontScale|screenLayout|density|uiMode"
41-->src\main\AndroidManifest.xml:27:13-163
42            android:hardwareAccelerated="true"
42-->src\main\AndroidManifest.xml:28:13-47
43            android:launchMode="singleTop"
43-->src\main\AndroidManifest.xml:25:13-43
44            android:theme="@style/LaunchTheme"
44-->src\main\AndroidManifest.xml:26:13-47
45            android:windowSoftInputMode="adjustResize" >
45-->src\main\AndroidManifest.xml:29:13-55
46
47            <!--
48                 Specifies an Android theme to apply to this Activity as soon as
49                 the Android process has started. This theme is visible to the user
50                 while the Flutter UI initializes. After that, this theme continues
51                 to determine the Window background behind the Flutter UI.
52            -->
53            <meta-data
53-->src\main\AndroidManifest.xml:34:13-37:17
54                android:name="io.flutter.embedding.android.NormalTheme"
54-->src\main\AndroidManifest.xml:35:15-70
55                android:resource="@style/NormalTheme" />
55-->src\main\AndroidManifest.xml:36:15-52
56            <!--
57                 Displays an Android View that continues showing the launch screen
58                 Drawable until Flutter paints its first frame, then this splash
59                 screen fades out. A splash screen is useful to avoid any visual
60                 gap between the end of Android's launch screen and the painting of
61                 Flutter's first frame.
62            -->
63            <meta-data
63-->src\main\AndroidManifest.xml:43:13-46:17
64                android:name="io.flutter.embedding.android.SplashScreenDrawable"
64-->src\main\AndroidManifest.xml:44:15-79
65                android:resource="@drawable/launch_background" />
65-->src\main\AndroidManifest.xml:45:15-61
66
67            <intent-filter>
67-->src\main\AndroidManifest.xml:47:13-50:29
68                <action android:name="android.intent.action.MAIN" />
68-->src\main\AndroidManifest.xml:48:17-68
68-->src\main\AndroidManifest.xml:48:25-66
69
70                <category android:name="android.intent.category.LAUNCHER" />
70-->src\main\AndroidManifest.xml:49:17-76
70-->src\main\AndroidManifest.xml:49:27-74
71            </intent-filter>
72        </activity>
73        <!--
74             Don't delete the meta-data below.
75             This is used by the Flutter tool to generate GeneratedPluginRegistrant.java
76        -->
77        <meta-data
77-->src\main\AndroidManifest.xml:54:9-56:33
78            android:name="flutterEmbedding"
78-->src\main\AndroidManifest.xml:55:13-44
79            android:value="2" />
79-->src\main\AndroidManifest.xml:56:13-30
80
81        <activity
81-->[:url_launcher] AndroidManifest.xml:8:9-11:74
82            android:name="io.flutter.plugins.urllauncher.WebViewActivity"
82-->[:url_launcher] AndroidManifest.xml:9:13-74
83            android:exported="false"
83-->[:url_launcher] AndroidManifest.xml:10:13-37
84            android:theme="@android:style/Theme.NoTitleBar.Fullscreen" />
84-->[:url_launcher] AndroidManifest.xml:11:13-71
85    </application>
86
87</manifest>